<?xml version="1.0" encoding="UTF-8"?>
<!-- Generated by org.testng.reporters.JUnitReportReporter -->
<testsuite hostname="Vanu" failures="0" tests="2" name="com.dev.testNG.Test1" time="0.005" errors="0" timestamp="2023-11-23T11:33:42 IST" skipped="0">
  <testcase classname="com.dev.testNG.Test1" name="m1" time="0.000"/>
  <system-out/>
  <testcase classname="com.dev.testNG.Test1" name="m" time="0.005"/>
  <system-out/>
</testsuite> <!-- com.dev.testNG.Test1 -->
