<?xml version="1.0" encoding="UTF-8"?>
<!-- Generated by org.testng.reporters.JUnitReportReporter -->
<testsuite hostname="Vanu" failures="0" tests="2" name="day1.Module3" time="0.002" errors="0" timestamp="2023-11-23T11:33:42 IST" skipped="0">
  <testcase classname="day1.Module3" name="mobileLoginCarLoan" time="0.001"/>
  <system-out/>
  <testcase classname="day1.Module3" name="apiLoginCarLoan" time="0.001"/>
  <system-out/>
</testsuite> <!-- day1.Module3 -->
