<?xml version="1.0" encoding="UTF-8"?>
<!-- Generated by org.testng.reporters.JUnitReportReporter -->
<testsuite hostname="Vanu" failures="0" tests="2" name="day1.Module1" time="0.001" errors="0" timestamp="2023-11-23T11:33:42 IST" skipped="1">
  <testcase classname="day1.Module1" name="test2" time="0.001"/>
  <system-out/>
  <testcase classname="day1.Module1" name="test1">
    <skipped/>
  </testcase> <!-- test1 -->
  <system-out/>
</testsuite> <!-- day1.Module1 -->
